\BOOKMARK [0][-]{chapter*.1}{Zusammenfassung}{}% 1
\BOOKMARK [0][-]{chapter*.2}{Erkl\344rung}{}% 2
\BOOKMARK [0][-]{chapter*.3}{Einleitung}{}% 3
\BOOKMARK [0][-]{chapter*.5}{Abbildungsverzeichnis}{}% 4
\BOOKMARK [0][-]{chapter*.6}{Tabellenverzeichnis}{}% 5
\BOOKMARK [0][-]{chapter*.7}{Quellcodeverzeichnis}{}% 6
\BOOKMARK [0][-]{chapter.1}{Einleitung}{}% 7
\BOOKMARK [1][-]{section.1.1}{Konzepte}{chapter.1}% 8
\BOOKMARK [1][-]{section.1.2}{Ziel und Aufgabenstellung der Arbeit}{chapter.1}% 9
\BOOKMARK [1][-]{section.1.3}{L\366sungsweg der Aufgabenstellung}{chapter.1}% 10
\BOOKMARK [1][-]{section.1.4}{Gliederung}{chapter.1}% 11
\BOOKMARK [0][-]{chapter.2}{Grundlagen}{}% 12
\BOOKMARK [1][-]{section.2.1}{Im Detail}{chapter.2}% 13
\BOOKMARK [1][-]{section.2.2}{Forschungsfrage}{chapter.2}% 14
\BOOKMARK [0][-]{chapter.3}{Versuchsdurchf\374hrung}{}% 15
\BOOKMARK [1][-]{section.3.1}{Theoretische Vor\374berlegungen}{chapter.3}% 16
\BOOKMARK [1][-]{section.3.2}{Versuchsaufbau}{chapter.3}% 17
\BOOKMARK [1][-]{section.3.3}{Versuchsinstrumente}{chapter.3}% 18
\BOOKMARK [1][-]{section.3.4}{Versuchsvorbereitung}{chapter.3}% 19
\BOOKMARK [1][-]{section.3.5}{Praktische Versuchsdurchf\374hrung}{chapter.3}% 20
\BOOKMARK [0][-]{chapter.4}{Versuchsergebnisse}{}% 21
\BOOKMARK [0][-]{chapter.5}{Diskussion der Messergebnisse}{}% 22
\BOOKMARK [0][-]{chapter.6}{Weitere Problemstellungen / Ausblick}{}% 23
\BOOKMARK [0][-]{chapter.7}{Fazit}{}% 24
\BOOKMARK [0][-]{appendix.A}{Herleitung der Formel}{}% 25
\BOOKMARK [0][-]{appendix.B}{\334ber das Problem X}{}% 26
\BOOKMARK [0][-]{appendix.C}{Abk\374rzungsverzeichnis}{}% 27
\BOOKMARK [0][-]{appendix.D}{Literaturverzeichnis}{}% 28
